Hmm ... looks like a package
Converting parsed Rd's to LaTeX .
Creating pdf output from LaTeX ...
Error in texi2dvi(file = file, pdf = TRUE, clean = clean, quiet = quiet,  : 
  Running 'texi2dvi' on 'Rd2.tex' failed.
Messages:
/opt/R/arm64/bin/texi2dvi: makeindex failed
Output:
This is pdfTeX, Version 3.141592653-2.6-1.40.26 (TeX Live 2024) (preloaded format=pdflatex)
 restricted \write18 enabled.
entering extended mode
LaTeX2e <2024-11-01> patch level 1
L3 programming layer <2024-12-25>
(./Rd2.tex
(/Users/hjalal/Library/TinyTeX/texmf-dist/tex/latex/base/book.cls
Document Class: book 2024/06/29 v1.4n Standard LaTeX document class
(/Users/hjalal/Library/TinyTeX/texmf-dist/tex/latex/base/bk10.clo)) (/Library/Frameworks/R.framework/Resources/share/texmf/tex/latex/Rd.sty (/Users/hjalal/Library/TinyTeX/texmf-dist/tex/latex/base/ifthen.sty) (/Users/hjalal/Library/TinyTeX/texmf-dist/tex/generic/iftex/iftex.sty) (/Users/hjalal/Library/TinyTeX/texmf-dist/tex/latex/tools/longtable.sty) (/Users/hjalal/Library/TinyTeX/texmf-dist/tex/latex/tools/bm.sty) (/Users/hjalal/Library/TinyTeX/texmf-dist/tex/latex/base/alltt.sty) (/Users/hjalal/Library/TinyTeX/texmf-dist/tex/latex/tools/verbatim.sty) (/Users/hjalal/Library/TinyTeX/texmf-dist/tex/latex/url/url.sty) (/Users/hjalal/Library/TinyTeX/texmf-dist/tex/latex/base/textcomp.sty) (/Users/hjalal/Library/TinyTeX/texmf-dist/tex/latex/amsmath/amsmath.sty
For additional information on amsmath, use the `?' option.
(/Users/hjalal/Library/TinyTeX/texmf-dist/tex/latex/amsmath/amstext.sty (/Users/hjalal/Library/TinyTeX/texmf-dist/tex/latex/amsmath/amsgen.sty)) (/Users/hjalal/Library/TinyTeX/texmf-dist/tex/latex/amsmath/amsbsy.sty) (/Users/hjalal/Library/TinyTeX/texmf-dist/tex/latex/amsmath/amsopn.sty)) (/Users/hjalal/Library/TinyTeX/texmf-dist/tex/latex/amsfonts/amsfonts.sty) (/Users/hjalal/Library/TinyTeX/texmf-dist/tex/latex/amsfonts/amssymb.sty) (/Users/hjalal/Library/TinyTeX/texmf-dist/tex/latex/amsfonts/eucal.sty) (/Users/hjalal/Library/TinyTeX/texmf-dist/tex/latex/base/fontenc.sty) (/Users/hjalal/Library/TinyTeX/texmf-dist/tex/latex/psnfss/times.sty) (/Users/hjalal/Library/TinyTeX/texmf-dist/tex/latex/inconsolata/zi4.sty `inconsolata-zi4' v1.12, 2019/05/17 Text macros for Inconsolata (msharpe) (/Users/hjalal/Library/TinyTeX/texmf-dist/tex/latex/xkeyval/xkeyval.sty (/Users/hjalal/Library/TinyTeX/texmf-dist/tex/generic/xkeyval/xkeyval.tex (/Users/hjalal/Library/TinyTeX/texmf-dist/tex/generic/xkeyval/xkvutils.tex (/Users/hjalal/Library/TinyTeX/texmf-dist/tex/generic/xkeyval/keyval.tex))))) (/Users/hjalal/Library/TinyTeX/texmf-dist/tex/latex/graphics/color.sty (/Users/hjalal/Library/TinyTeX/texmf-dist/tex/latex/graphics-cfg/color.cfg) (/Users/hjalal/Library/TinyTeX/texmf-dist/tex/latex/graphics-def/pdftex.def) (/Users/hjalal/Library/TinyTeX/texmf-dist/tex/latex/graphics/mathcolor.ltx)) (/Users/hjalal/Library/TinyTeX/texmf-dist/tex/latex/hyperref/hyperref.sty (/Users/hjalal/Library/TinyTeX/texmf-dist/tex/latex/kvsetkeys/kvsetkeys.sty) (/Users/hjalal/Library/TinyTeX/texmf-dist/tex/generic/kvdefinekeys/kvdefinekeys.sty) (/Users/hjalal/Library/TinyTeX/texmf-dist/tex/generic/pdfescape/pdfescape.sty (/Users/hjalal/Library/TinyTeX/texmf-dist/tex/generic/ltxcmds/ltxcmds.sty) (/Users/hjalal/Library/TinyTeX/texmf-dist/tex/generic/pdftexcmds/pdftexcmds.sty (/Users/hjalal/Library/TinyTeX/texmf-dist/tex/generic/infwarerr/infwarerr.sty))) (/Users/hjalal/Library/TinyTeX/texmf-dist/tex/latex/hycolor/hycolor.sty) (/Users/hjalal/Library/TinyTeX/texmf-dist/tex/latex/hyperref/nameref.sty (/Users/hjalal/Library/TinyTeX/texmf-dist/tex/latex/refcount/refcount.sty) (/Users/hjalal/Library/TinyTeX/texmf-dist/tex/generic/gettitlestring/gettitlestring.sty (/Users/hjalal/Library/TinyTeX/texmf-dist/tex/latex/kvoptions/kvoptions.sty))) (/Users/hjalal/Library/TinyTeX/texmf-dist/tex/latex/etoolbox/etoolbox.sty) (/Users/hjalal/Library/TinyTeX/texmf-dist/tex/generic/stringenc/stringenc.sty) (/Users/hjalal/Library/TinyTeX/texmf-dist/tex/latex/hyperref/pd1enc.def) (/Users/hjalal/Library/TinyTeX/texmf-dist/tex/generic/intcalc/intcalc.sty) (/Users/hjalal/Library/TinyTeX/texmf-dist/tex/latex/hyperref/puenc.def) (/Users/hjalal/Library/TinyTeX/texmf-dist/tex/generic/bitset/bitset.sty (/Users/hjalal/Library/TinyTeX/texmf-dist/tex/generic/bigintcalc/bigintcalc.sty)) (/Users/hjalal/Library/TinyTeX/texmf-dist/tex/latex/base/atbegshi-ltx.sty)) (/Users/hjalal/Library/TinyTeX/texmf-dist/tex/latex/hyperref/hpdftex.def (/Users/hjalal/Library/TinyTeX/texmf-dist/tex/latex/base/atveryend-ltx.sty) (/Users/hjalal/Library/TinyTeX/texmf-dist/tex/latex/rerunfilecheck/rerunfilecheck.sty (/Users/hjalal/Library/TinyTeX/texmf-dist/tex/generic/uniquecounter/uniquecounter.sty)))) (/Users/hjalal/Library/TinyTeX/texmf-dist/tex/latex/base/makeidx.sty)
Writing index file Rd2.idx
(/Users/hjalal/Library/TinyTeX/texmf-dist/tex/latex/psnfss/t1ptm.fd) (/Users/hjalal/Library/TinyTeX/texmf-dist/tex/latex/l3backend/l3backend-pdftex.def) (/private/var/folders/x0/nzntp6610gj2dmq_96t5lblm0000gr/T/Rtmpigoelg/Rd2pdf9c3d5611457b/Rd2.aux) (/private/var/folders/x0/nzntp6610gj2dmq_96t5lblm0000gr/T/Rtmpigoelg/Rd2pdf9c3d5611457b/Rd2.out) (/private/var/folders/x0/nzntp6610gj2dmq_96t5lblm0000gr/T/Rtmpigoelg/Rd2pdf9c3d5611457b/Rd2.out) (/Users/hjalal/Library/TinyTeX/texmf-dist/tex/latex/inconsolata/t1zi4.fd) (/private/var/folders/x0/nzntp6610gj2dmq_96t5lblm0000gr/T/Rtmpigoelg/Rd2pdf9c3d5611457b/Rd2.toc (/Users/hjalal/Library/TinyTeX/texmf-dist/tex/latex/amsfonts/umsa.fd) (/Users/hjalal/Library/TinyTeX/texmf-dist/tex/latex/amsfonts/umsb.fd))
[1{/Users/hjalal/Library/TinyTeX/texmf-var/fonts/map/pdftex/updmap/pdftex.map}{/Users/hjalal/Library/TinyTeX/texmf-dist/fonts/enc/dvips/base/8r.enc}{/Users/hjalal/Library/TinyTeX/texmf-dist/fonts/enc/dvips/inconsolata/i4-t1-0.enc}] (/Users/hjalal/Library/TinyTeX/texmf-dist/tex/latex/inconsolata/ts1zi4.fd)
[2{/Users/hjalal/Library/TinyTeX/texmf-dist/fonts/enc/dvips/inconsolata/i4-ts1.enc}] (/Users/hjalal/Library/TinyTeX/texmf-dist/tex/latex/psnfss/ts1ptm.fd)
[3]
[4]
[5]
[6]
[7]
[8]
Overfull \hbox (2.82803pt too wide) in paragraph at lines 439--443
\T1/ptm/m/n/10 One of these can be left-over for the re-main-ing prob-a-bil-ity in that event. init_probs

[9]

Package hyperref Warning: Glyph not defined in PU encoding,
(hyperref)                removing `\Rpercent' on input line 482.


Package hyperref Warning: Glyph not defined in PU encoding,
(hyperref)                removing `\Rpercent' on input line 482.


[10]
No file Rd2.ind.

[11] (/private/var/folders/x0/nzntp6610gj2dmq_96t5lblm0000gr/T/Rtmpigoelg/Rd2pdf9c3d5611457b/Rd2.aux) )
(see the transcript file for additional information)</Users/hjalal/Library/TinyTeX/texmf-dist/fonts/type1/public/inconsolata/Inconsolata-zi4r.pfb></Users/hjalal/Library/TinyTeX/texmf-dist/fonts/type1/urw/times/utmb8a.pfb></Users/hjalal/Library/TinyTeX/texmf-dist/fonts/type1/urw/times/utmr8a.pfb></Users/hjalal/Library/TinyTeX/texmf-dist/fonts/type1/urw/times/utmr8a.pfb></Users/hjalal/Library/TinyTeX/texmf-dist/fonts/type1/urw/times/utmri8a.pfb>
Output written on Rd2.pdf (11 pages, 100478 bytes).
Transcript written on Rd2.log.
/opt/R/arm64/bin/texi2dvi: line 366: makeindex: command not found

This is pdfTeX, Version 3.141592653-2.6-1.40.26 (TeX Live 2024) (preloaded format=pdflatex)
 restricted \write18 enabled.
entering extended mode
LaTeX2e <2024-11-01> patch level 1
L3 programming layer <2024-12-25>
(./Rd2.tex
(/Users/hjalal/Library/TinyTeX/texmf-dist/tex/latex/base/book.cls
Document Class: book 2024/06/29 v1.4n Standard LaTeX document class
(/Users/hjalal/Library/TinyTeX/texmf-dist/tex/latex/base/bk10.clo)) (/Library/Frameworks/R.framework/Resources/share/texmf/tex/latex/Rd.sty (/Users/hjalal/Library/TinyTeX/texmf-dist/tex/latex/base/ifthen.sty) (/Users/hjalal/Library/TinyTeX/texmf-dist/tex/generic/iftex/iftex.sty) (/Users/hjalal/Library/TinyTeX/texmf-dist/tex/latex/tools/longtable.sty) (/Users/hjalal/Library/TinyTeX/texmf-dist/tex/latex/tools/bm.sty) (/Users/hjalal/Library/TinyTeX/texmf-dist/tex/latex/base/alltt.sty) (/Users/hjalal/Library/TinyTeX/texmf-dist/tex/latex/tools/verbatim.sty) (/Users/hjalal/Library/TinyTeX/texmf-dist/tex/latex/url/url.sty) (/Users/hjalal/Library/TinyTeX/texmf-dist/tex/latex/base/textcomp.sty) (/Users/hjalal/Library/TinyTeX/texmf-dist/tex/latex/amsmath/amsmath.sty
For additional information on amsmath, use the `?' option.
(/Users/hjalal/Library/TinyTeX/texmf-dist/tex/latex/amsmath/amstext.sty (/Users/hjalal/Library/TinyTeX/texmf-dist/tex/latex/amsmath/amsgen.sty)) (/Users/hjalal/Library/TinyTeX/texmf-dist/tex/latex/amsmath/amsbsy.sty) (/Users/hjalal/Library/TinyTeX/texmf-dist/tex/latex/amsmath/amsopn.sty)) (/Users/hjalal/Library/TinyTeX/texmf-dist/tex/latex/amsfonts/amsfonts.sty) (/Users/hjalal/Library/TinyTeX/texmf-dist/tex/latex/amsfonts/amssymb.sty) (/Users/hjalal/Library/TinyTeX/texmf-dist/tex/latex/amsfonts/eucal.sty) (/Users/hjalal/Library/TinyTeX/texmf-dist/tex/latex/base/fontenc.sty) (/Users/hjalal/Library/TinyTeX/texmf-dist/tex/latex/psnfss/times.sty) (/Users/hjalal/Library/TinyTeX/texmf-dist/tex/latex/inconsolata/zi4.sty `inconsolata-zi4' v1.12, 2019/05/17 Text macros for Inconsolata (msharpe) (/Users/hjalal/Library/TinyTeX/texmf-dist/tex/latex/xkeyval/xkeyval.sty (/Users/hjalal/Library/TinyTeX/texmf-dist/tex/generic/xkeyval/xkeyval.tex (/Users/hjalal/Library/TinyTeX/texmf-dist/tex/generic/xkeyval/xkvutils.tex (/Users/hjalal/Library/TinyTeX/texmf-dist/tex/generic/xkeyval/keyval.tex))))) (/Users/hjalal/Library/TinyTeX/texmf-dist/tex/latex/graphics/color.sty (/Users/hjalal/Library/TinyTeX/texmf-dist/tex/latex/graphics-cfg/color.cfg) (/Users/hjalal/Library/TinyTeX/texmf-dist/tex/latex/graphics-def/pdftex.def) (/Users/hjalal/Library/TinyTeX/texmf-dist/tex/latex/graphics/mathcolor.ltx)) (/Users/hjalal/Library/TinyTeX/texmf-dist/tex/latex/hyperref/hyperref.sty (/Users/hjalal/Library/TinyTeX/texmf-dist/tex/latex/kvsetkeys/kvsetkeys.sty) (/Users/hjalal/Library/TinyTeX/texmf-dist/tex/generic/kvdefinekeys/kvdefinekeys.sty) (/Users/hjalal/Library/TinyTeX/texmf-dist/tex/generic/pdfescape/pdfescape.sty (/Users/hjalal/Library/TinyTeX/texmf-dist/tex/generic/ltxcmds/ltxcmds.sty) (/Users/hjalal/Library/TinyTeX/texmf-dist/tex/generic/pdftexcmds/pdftexcmds.sty (/Users/hjalal/Library/TinyTeX/texmf-dist/tex/generic/infwarerr/infwarerr.sty))) (/Users/hjalal/Library/TinyTeX/texmf-dist/tex/latex/hycolor/hycolor.sty) (/Users/hjalal/Library/TinyTeX/texmf-dist/tex/latex/hyperref/nameref.sty (/Users/hjalal/Library/TinyTeX/texmf-dist/tex/latex/refcount/refcount.sty) (/Users/hjalal/Library/TinyTeX/texmf-dist/tex/generic/gettitlestring/gettitlestring.sty (/Users/hjalal/Library/TinyTeX/texmf-dist/tex/latex/kvoptions/kvoptions.sty))) (/Users/hjalal/Library/TinyTeX/texmf-dist/tex/latex/etoolbox/etoolbox.sty) (/Users/hjalal/Library/TinyTeX/texmf-dist/tex/generic/stringenc/stringenc.sty) (/Users/hjalal/Library/TinyTeX/texmf-dist/tex/latex/hyperref/pd1enc.def) (/Users/hjalal/Library/TinyTeX/texmf-dist/tex/generic/intcalc/intcalc.sty) (/Users/hjalal/Library/TinyTeX/texmf-dist/tex/latex/hyperref/puenc.def) (/Users/hjalal/Library/TinyTeX/texmf-dist/tex/generic/bitset/bitset.sty (/Users/hjalal/Library/TinyTeX/texmf-dist/tex/generic/bigintcalc/bigintcalc.sty)) (/Users/hjalal/Library/TinyTeX/texmf-dist/tex/latex/base/atbegshi-ltx.sty)) (/Users/hjalal/Library/TinyTeX/texmf-dist/tex/latex/hyperref/hpdftex.def (/Users/hjalal/Library/TinyTeX/texmf-dist/tex/latex/base/atveryend-ltx.sty) (/Users/hjalal/Library/TinyTeX/texmf-dist/tex/latex/rerunfilecheck/rerunfilecheck.sty (/Users/hjalal/Library/TinyTeX/texmf-dist/tex/generic/uniquecounter/uniquecounter.sty)))) (/Users/hjalal/Library/TinyTeX/texmf-dist/tex/latex/base/makeidx.sty)
Writing index file Rd2.idx
(/Users/hjalal/Library/TinyTeX/texmf-dist/tex/latex/psnfss/t1ptm.fd) (/Users/hjalal/Library/TinyTeX/texmf-dist/tex/latex/l3backend/l3backend-pdftex.def) (/private/var/folders/x0/nzntp6610gj2dmq_96t5lblm0000gr/T/Rtmpigoelg/Rd2pdf9c3d5611457b/Rd2.aux) (/private/var/folders/x0/nzntp6610gj2dmq_96t5lblm0000gr/T/Rtmpigoelg/Rd2pdf9c3d5611457b/Rd2.out) (/private/var/folders/x0/nzntp6610gj2dmq_96t5lblm0000gr/T/Rtmpigoelg/Rd2pdf9c3d5611457b/Rd2.out) (/Users/hjalal/Library/TinyTeX/texmf-dist/tex/latex/inconsolata/t1zi4.fd) (/private/var/folders/x0/nzntp6610gj2dmq_96t5lblm0000gr/T/Rtmpigoelg/Rd2pdf9c3d5611457b/Rd2.toc (/Users/hjalal/Library/TinyTeX/texmf-dist/tex/latex/amsfonts/umsa.fd) (/Users/hjalal/Library/TinyTeX/texmf-dist/tex/latex/amsfonts/umsb.fd))
[1{/Users/hjalal/Library/TinyTeX/texmf-var/fonts/map/pdftex/updmap/pdftex.map}{/Users/hjalal/Library/TinyTeX/texmf-dist/fonts/enc/dvips/base/8r.enc}{/Users/hjalal/Library/TinyTeX/texmf-dist/fonts/enc/dvips/inconsolata/i4-t1-0.enc}] (/Users/hjalal/Library/TinyTeX/texmf-dist/tex/latex/inconsolata/ts1zi4.fd)
[2{/Users/hjalal/Library/TinyTeX/texmf-dist/fonts/enc/dvips/inconsolata/i4-ts1.enc}] (/Users/hjalal/Library/TinyTeX/texmf-dist/tex/latex/psnfss/ts1ptm.fd)
[3]
[4]
[5]
[6]
[7]
[8]
Overfull \hbox (2.82803pt too wide) in paragraph at lines 439--443
\T1/ptm/m/n/10 One of these can be left-over for the re-main-ing prob-a-bil-ity in that event. init_probs

[9]

Package hyperref Warning: Glyph not defined in PU encoding,
(hyperref)                removing `\Rpercent' on input line 482.


Package hyperref Warning: Glyph not defined in PU encoding,
(hyperref)                removing `\Rpercent' on input line 482.


[10]
No file Rd2.ind.

[11] (/private/var/folders/x0/nzntp6610gj2dmq_96t5lblm0000gr/T/Rtmpigoelg/Rd2pdf9c3d5611457b/Rd2.aux) )
(see the transcript file for additional information)</Users/hjalal/Library/TinyTeX/texmf-dist/fonts/type1/public/inconsolata/Inconsolata-zi4r.pfb></Users/hjalal/Library/TinyTeX/texmf-dist/fonts/type1/urw/times/utmb8a.pfb></Users/hjalal/Library/TinyTeX/texmf-dist/fonts/type1/urw/times/utmr8a.pfb></Users/hjalal/Library/TinyTeX/texmf-dist/fonts/type1/urw/times/utmr8a.pfb></Users/hjalal/Library/TinyTeX/texmf-dist/fonts/type1/urw/times/utmri8a.pfb>
Output written on Rd2.pdf (11 pages, 100476 bytes).
Transcript written on Rd2.log.
Saving output to ‘twig-manual.pdf’ ...
Done
You may want to clean up by 'rm -Rf /var/folders/x0/nzntp6610gj2dmq_96t5lblm0000gr/T//Rtmpigoelg/Rd2pdf9c3d5611457b'
